[35m[1mScanning dependencies of target service_client_01[0m
[ 50%] Built target service_server_01
[ 75%] [32mBuilding CXX object CMakeFiles/service_client_01.dir/src/service_client_01.cpp.o[0m
[01m[K/home/QiangLi/learn/d2lros2/chapt3/chapt3_ws/src/example_service_rclcpp/src/service_client_01.cpp:41:18:[m[K [01;31m[Kerror: [m[Kâ€˜[01m[Kexample_interfaces[m[Kâ€™ was not declared in this scope; did you mean â€˜[01m[Krcl_interfaces[m[Kâ€™?
   41 |   rclcpp::Client<[01;31m[Kexample_interfaces[m[K::srv::AddTwoInts>::SharedPtr client_;
      |                  [01;31m[K^~~~~~~~~~~~~~~~~~[m[K
      |                  [32m[Krcl_interfaces[m[K
[01m[K/home/QiangLi/learn/d2lros2/chapt3/chapt3_ws/src/example_service_rclcpp/src/service_client_01.cpp:41:53:[m[K [01;31m[Kerror: [m[Ktemplate argument 1 is invalid
   41 | ent<example_interfaces::srv::AddTwoInts[01;31m[K>[m[K::SharedPtr client_;
      |                                        [01;31m[K^[m[K

[01m[K/home/QiangLi/learn/d2lros2/chapt3/chapt3_ws/src/example_service_rclcpp/src/service_client_01.cpp:41:56:[m[K [01;31m[Kerror: [m[Kexpected â€˜[01m[K;[m[Kâ€™ at end of member declaration
   41 | <example_interfaces::srv::AddTwoInts>::[01;31m[KSharedPtr[m[K client_;
      |                                        [01;31m[K^~~~~~~~~[m[K
      |                                                 [32m[K;[m[K
[01m[K/home/QiangLi/learn/d2lros2/chapt3/chapt3_ws/src/example_service_rclcpp/src/service_client_01.cpp:41:66:[m[K [01;31m[Kerror: [m[Kâ€˜[01m[Kclient_[m[Kâ€™ does not name a type
   41 | <example_interfaces::srv::AddTwoInts>::SharedPtr [01;31m[Kclient_[m[K;
      |                                                  [01;31m[K^~~~~~~[m[K

[01m[K/home/QiangLi/learn/d2lros2/chapt3/chapt3_ws/src/example_service_rclcpp/src/service_client_01.cpp:43:22:[m[K [01;31m[Kerror: [m[Kâ€˜[01m[Kexample_interfaces[m[Kâ€™ was not declared in this scope; did you mean â€˜[01m[Krcl_interfaces[m[Kâ€™?
   43 |       rclcpp::Client<[01;31m[Kexample_interfaces[m[K::srv::AssTwoInts>::SharedFuture
      |                      [01;31m[K^~~~~~~~~~~~~~~~~~[m[K
      |                      [32m[Krcl_interfaces[m[K
[01m[K/home/QiangLi/learn/d2lros2/chapt3/chapt3_ws/src/example_service_rclcpp/src/service_client_01.cpp:43:57:[m[K [01;31m[Kerror: [m[Ktemplate argument 1 is invalid
   43 | Client<example_interfaces::srv::AssTwoInts[01;31m[K>[m[K::SharedFuture
      |                                           [01;31m[K^[m[K

[01m[K/home/QiangLi/learn/d2lros2/chapt3/chapt3_ws/src/example_service_rclcpp/src/service_client_01.cpp:43:22:[m[K [01;31m[Kerror: [m[Kâ€˜[01m[Kexample_interfaces[m[Kâ€™ was not declared in this scope; did you mean â€˜[01m[Krcl_interfaces[m[Kâ€™?
   43 |       rclcpp::Client<[01;31m[Kexample_interfaces[m[K::srv::AssTwoInts>::SharedFuture
      |                      [01;31m[K^~~~~~~~~~~~~~~~~~[m[K
      |                      [32m[Krcl_interfaces[m[K
[01m[K/home/QiangLi/learn/d2lros2/chapt3/chapt3_ws/src/example_service_rclcpp/src/service_client_01.cpp:43:57:[m[K [01;31m[Kerror: [m[Ktemplate argument 1 is invalid
   43 | Client<example_interfaces::srv::AssTwoInts[01;31m[K>[m[K::SharedFuture
      |                                           [01;31m[K^[m[K

[01m[K/home/QiangLi/learn/d2lros2/chapt3/chapt3_ws/src/example_service_rclcpp/src/service_client_01.cpp:43:22:[m[K [01;31m[Kerror: [m[Kâ€˜[01m[Kexample_interfaces[m[Kâ€™ was not declared in this scope; did you mean â€˜[01m[Krcl_interfaces[m[Kâ€™?
   43 |       rclcpp::Client<[01;31m[Kexample_interfaces[m[K::srv::AssTwoInts>::SharedFuture
      |                      [01;31m[K^~~~~~~~~~~~~~~~~~[m[K
      |                      [32m[Krcl_interfaces[m[K
[01m[K/home/QiangLi/learn/d2lros2/chapt3/chapt3_ws/src/example_service_rclcpp/src/service_client_01.cpp:43:57:[m[K [01;31m[Kerror: [m[Ktemplate argument 1 is invalid
   43 | Client<example_interfaces::srv::AssTwoInts[01;31m[K>[m[K::SharedFuture
      |                                           [01;31m[K^[m[K

[01m[K/home/QiangLi/learn/d2lros2/chapt3/chapt3_ws/src/example_service_rclcpp/src/service_client_01.cpp:43:15:[m[K [01;31m[Kerror: [m[Kâ€˜[01m[Krclcpp::Client[m[Kâ€™ is not a type
   43 |       rclcpp::[01;31m[KClient[m[K<example_interfaces::srv::AssTwoInts>::SharedFuture
      |               [01;31m[K^~~~~~[m[K
[01m[K/home/QiangLi/learn/d2lros2/chapt3/chapt3_ws/src/example_service_rclcpp/src/service_client_01.cpp:43:21:[m[K [01;31m[Kerror: [m[Kexpected â€˜[01m[K,[m[Kâ€™ or â€˜[01m[K...[m[Kâ€™ before â€˜[01m[K<[m[Kâ€™ token
   43 |       rclcpp::Client[01;31m[K<[m[Kexample_interfaces::srv::AssTwoInts>::SharedFuture
      |                     [01;31m[K^[m[K
[01m[K/home/QiangLi/learn/d2lros2/chapt3/chapt3_ws/src/example_service_rclcpp/src/service_client_01.cpp:[m[K In constructor â€˜[01m[KServiceClient01::ServiceClient01(std::string)[m[Kâ€™:
[01m[K/home/QiangLi/learn/d2lros2/chapt3/chapt3_ws/src/example_service_rclcpp/src/service_client_01.cpp:9:5:[m[K [01;31m[Kerror: [m[Kâ€˜[01m[Kclient_[m[Kâ€™ was not declared in this scope
    9 |     [01;31m[Kclient_[m[K = this->create_client<example_interfaces::srv::AddTwoInts>(
      |     [01;31m[K^~~~~~~[m[K
[01m[K/home/QiangLi/learn/d2lros2/chapt3/chapt3_ws/src/example_service_rclcpp/src/service_client_01.cpp:9:35:[m[K [01;31m[Kerror: [m[Kâ€˜[01m[Kexample_interfaces[m[Kâ€™ was not declared in this scope; did you mean â€˜[01m[Krcl_interfaces[m[Kâ€™?
    9 |     client_ = this->create_client<[01;31m[Kexample_interfaces[m[K::srv::AddTwoInts>(
      |                                   [01;31m[K^~~~~~~~~~~~~~~~~~[m[K
      |                                   [32m[Krcl_interfaces[m[K
[01m[K/home/QiangLi/learn/d2lros2/chapt3/chapt3_ws/src/example_service_rclcpp/src/service_client_01.cpp:9:21:[m[K [01;31m[Kerror: [m[Kparse error in template argument list
    9 |     client_ = this->[01;31m[Kcreate_client<example_interfaces::srv::AddTwoInts>[m[K(
      |                     [01;31m[K^~~~~~~~~~~~~~~~~~~~~~~~~~~~~~~~~~~~~~~~~~~~~~~~~~[m[K
[01m[K/home/QiangLi/learn/d2lros2/chapt3/chapt3_ws/src/example_service_rclcpp/src/service_client_01.cpp:10:27:[m[K [01;31m[Kerror: [m[Kno matching function for call to â€˜[01m[KServiceClient01::create_client<<expression error> >(const char [17])[m[Kâ€™
   10 |         "add_two_ints_srv"[01;31m[K)[m[K;
      |                           [01;31m[K^[m[K
In file included from [01m[K/opt/ros/foxy/include/rclcpp/executors/single_threaded_executor.hpp:28[m[K,
                 from [01m[K/opt/ros/foxy/include/rclcpp/executors.hpp:22[m[K,
                 from [01m[K/opt/ros/foxy/include/rclcpp/rclcpp.hpp:146[m[K,
                 from [01m[K/home/QiangLi/learn/d2lros2/chapt3/chapt3_ws/src/example_service_rclcpp/src/service_client_01.cpp:1[m[K:
[01m[K/opt/ros/foxy/include/rclcpp/node.hpp:246:3:[m[K [01;36m[Knote: [m[Kcandidate: â€˜[01m[Ktemplate<class ServiceT> typename rclcpp::Client<ServiceT>::SharedPtr rclcpp::Node::create_client(const string&, const rmw_qos_profile_t&, rclcpp::CallbackGroup::SharedPtr)[m[Kâ€™
  246 |   [01;36m[Kcreate_client[m[K(
      |   [01;36m[K^~~~~~~~~~~~~[m[K
[01m[K/opt/ros/foxy/include/rclcpp/node.hpp:246:3:[m[K [01;36m[Knote: [m[K  template argument deduction/substitution failed:
[01m[K/home/QiangLi/learn/d2lros2/chapt3/chapt3_ws/src/example_service_rclcpp/src/service_client_01.cpp:10:27:[m[K [01;31m[Kerror: [m[Ktemplate argument 1 is invalid
   10 |         "add_two_ints_srv"[01;31m[K)[m[K;
      |                           [01;31m[K^[m[K
[01m[K/home/QiangLi/learn/d2lros2/chapt3/chapt3_ws/src/example_service_rclcpp/src/service_client_01.cpp:[m[K In member function â€˜[01m[Kvoid ServiceClient01::send_request(int, int)[m[Kâ€™:
[01m[K/home/QiangLi/learn/d2lros2/chapt3/chapt3_ws/src/example_service_rclcpp/src/service_client_01.cpp:15:13:[m[K [01;31m[Kerror: [m[Kâ€˜[01m[Kclient[m[Kâ€™ was not declared in this scope
   15 |     while (![01;31m[Kclient[m[K->wait_for_service(std::chrono::seconds(1))) {
      |             [01;31m[K^~~~~~[m[K
[01m[K/home/QiangLi/learn/d2lros2/chapt3/chapt3_ws/src/example_service_rclcpp/src/service_client_01.cpp:27:26:[m[K [01;31m[Kerror: [m[Kâ€˜[01m[Kexample_interfaces[m[Kâ€™ was not declared in this scope; did you mean â€˜[01m[Krcl_interfaces[m[Kâ€™?
   27 |         std::make_shared<[01;31m[Kexample_interfaces[m[K::srv::AddTwoInts::Request>();
      |                          [01;31m[K^~~~~~~~~~~~~~~~~~[m[K
      |                          [32m[Krcl_interfaces[m[K
[01m[K/home/QiangLi/learn/d2lros2/chapt3/chapt3_ws/src/example_service_rclcpp/src/service_client_01.cpp:27:14:[m[K [01;31m[Kerror: [m[Kparse error in template argument list
   27 |         std::[01;31m[Kmake_shared<example_interfaces::srv::AddTwoInts::Request>[m[K();
      |              [01;31m[K^~~~~~~~~~~~~~~~~~~~~~~~~~~~~~~~~~~~~~~~~~~~~~~~~~~~~~~~~[m[K
[01m[K/home/QiangLi/learn/d2lros2/chapt3/chapt3_ws/src/example_service_rclcpp/src/service_client_01.cpp:27:72:[m[K [01;31m[Kerror: [m[Kno matching function for call to â€˜[01m[Kmake_shared<<expression error> >()[m[Kâ€™
   27 | _interfaces::srv::AddTwoInts::Request>([01;31m[K)[m[K;
      |                                        [01;31m[K^[m[K

In file included from [01m[K/usr/include/c++/9/memory:81[m[K,
                 from [01m[K/opt/ros/foxy/include/rclcpp/rclcpp.hpp:144[m[K,
                 from [01m[K/home/QiangLi/learn/d2lros2/chapt3/chapt3_ws/src/example_service_rclcpp/src/service_client_01.cpp:1[m[K:
[01m[K/usr/include/c++/9/bits/shared_ptr.h:714:5:[m[K [01;36m[Knote: [m[Kcandidate: â€˜[01m[Ktemplate<class _Tp, class ... _Args> std::shared_ptr<_Tp> std::make_shared(_Args&& ...)[m[Kâ€™
  714 |     [01;36m[Kmake_shared[m[K(_Args&&... __args)
      |     [01;36m[K^~~~~~~~~~~[m[K
[01m[K/usr/include/c++/9/bits/shared_ptr.h:714:5:[m[K [01;36m[Knote: [m[K  template argument deduction/substitution failed:
[01m[K/home/QiangLi/learn/d2lros2/chapt3/chapt3_ws/src/example_service_rclcpp/src/service_client_01.cpp:27:72:[m[K [01;31m[Kerror: [m[Ktemplate argument 1 is invalid
   27 | _interfaces::srv::AddTwoInts::Request>([01;31m[K)[m[K;
      |                                        [01;31m[K^[m[K

[01m[K/home/QiangLi/learn/d2lros2/chapt3/chapt3_ws/src/example_service_rclcpp/src/service_client_01.cpp:34:5:[m[K [01;31m[Kerror: [m[Kâ€˜[01m[Kclient_[m[Kâ€™ was not declared in this scope
   34 |     [01;31m[Kclient_[m[K->async_send_request(request,
      |     [01;31m[K^~~~~~~[m[K
[01m[K/home/QiangLi/learn/d2lros2/chapt3/chapt3_ws/src/example_service_rclcpp/src/service_client_01.cpp:[m[K In member function â€˜[01m[Kvoid ServiceClient01::result_callback_(int)[m[Kâ€™:
[01m[K/home/QiangLi/learn/d2lros2/chapt3/chapt3_ws/src/example_service_rclcpp/src/service_client_01.cpp:45:21:[m[K [01;31m[Kerror: [m[Kâ€˜[01m[Kresult_feature[m[Kâ€™ was not declared in this scope
   45 |     auto response = [01;31m[Kresult_feature[m[K.get();
      |                     [01;31m[K^~~~~~~~~~~~~~[m[K
make[2]: *** [CMakeFiles/service_client_01.dir/build.make:63ï¼šCMakeFiles/service_client_01.dir/src/service_client_01.cpp.o] é”™è¯¯ 1
make[1]: *** [CMakeFiles/Makefile2:80ï¼šCMakeFiles/service_client_01.dir/all] é”™è¯¯ 2
make: *** [Makefile:141ï¼šall] é”™è¯¯ 2
