[0.021s] Invoking command in '/home/QiangLi/learn/d2lros2/chapt3/chapt3_ws/build/example_service_rclcpp': CMAKE_PREFIX_PATH=${CMAKE_PREFIX_PATH}:/opt/ros/foxy _=/usr/bin/env /usr/bin/cmake --build /home/QiangLi/learn/d2lros2/chapt3/chapt3_ws/build/example_service_rclcpp -- -j40 -l40
[0.130s] [35m[1mScanning dependencies of target service_client_01[0m
[0.169s] [ 50%] Built target service_server_01
[0.191s] [ 75%] [32mBuilding CXX object CMakeFiles/service_client_01.dir/src/service_client_01.cpp.o[0m
[1.317s] [01m[K/home/QiangLi/learn/d2lros2/chapt3/chapt3_ws/src/example_service_rclcpp/src/service_client_01.cpp:41:18:[m[K [01;31m[Kerror: [m[Kâ€˜[01m[Kexample_interfaces[m[Kâ€™ was not declared in this scope; did you mean â€˜[01m[Krcl_interfaces[m[Kâ€™?
[1.317s]    41 |   rclcpp::Client<[01;31m[Kexample_interfaces[m[K::srv::AddTwoInts>::SharedPtr client_;
[1.317s]       |                  [01;31m[K^~~~~~~~~~~~~~~~~~[m[K
[1.318s]       |                  [32m[Krcl_interfaces[m[K
[1.318s] [01m[K/home/QiangLi/learn/d2lros2/chapt3/chapt3_ws/src/example_service_rclcpp/src/service_client_01.cpp:41:53:[m[K [01;31m[Kerror: [m[Ktemplate argument 1 is invalid
[1.318s]    41 | ent<example_interfaces::srv::AddTwoInts[01;31m[K>[m[K::SharedPtr client_;
[1.318s]       |                                        [01;31m[K^[m[K
[1.319s] 
[1.319s] [01m[K/home/QiangLi/learn/d2lros2/chapt3/chapt3_ws/src/example_service_rclcpp/src/service_client_01.cpp:41:56:[m[K [01;31m[Kerror: [m[Kexpected â€˜[01m[K;[m[Kâ€™ at end of member declaration
[1.319s]    41 | <example_interfaces::srv::AddTwoInts>::[01;31m[KSharedPtr[m[K client_;
[1.319s]       |                                        [01;31m[K^~~~~~~~~[m[K
[1.320s]       |                                                 [32m[K;[m[K
[1.320s] [01m[K/home/QiangLi/learn/d2lros2/chapt3/chapt3_ws/src/example_service_rclcpp/src/service_client_01.cpp:41:66:[m[K [01;31m[Kerror: [m[Kâ€˜[01m[Kclient_[m[Kâ€™ does not name a type
[1.320s]    41 | <example_interfaces::srv::AddTwoInts>::SharedPtr [01;31m[Kclient_[m[K;
[1.320s]       |                                                  [01;31m[K^~~~~~~[m[K
[1.321s] 
[1.321s] [01m[K/home/QiangLi/learn/d2lros2/chapt3/chapt3_ws/src/example_service_rclcpp/src/service_client_01.cpp:43:22:[m[K [01;31m[Kerror: [m[Kâ€˜[01m[Kexample_interfaces[m[Kâ€™ was not declared in this scope; did you mean â€˜[01m[Krcl_interfaces[m[Kâ€™?
[1.321s]    43 |       rclcpp::Client<[01;31m[Kexample_interfaces[m[K::srv::AssTwoInts>::SharedFuture
[1.321s]       |                      [01;31m[K^~~~~~~~~~~~~~~~~~[m[K
[1.321s]       |                      [32m[Krcl_interfaces[m[K
[1.322s] [01m[K/home/QiangLi/learn/d2lros2/chapt3/chapt3_ws/src/example_service_rclcpp/src/service_client_01.cpp:43:57:[m[K [01;31m[Kerror: [m[Ktemplate argument 1 is invalid
[1.322s]    43 | Client<example_interfaces::srv::AssTwoInts[01;31m[K>[m[K::SharedFuture
[1.322s]       |                                           [01;31m[K^[m[K
[1.322s] 
[1.323s] [01m[K/home/QiangLi/learn/d2lros2/chapt3/chapt3_ws/src/example_service_rclcpp/src/service_client_01.cpp:43:22:[m[K [01;31m[Kerror: [m[Kâ€˜[01m[Kexample_interfaces[m[Kâ€™ was not declared in this scope; did you mean â€˜[01m[Krcl_interfaces[m[Kâ€™?
[1.323s]    43 |       rclcpp::Client<[01;31m[Kexample_interfaces[m[K::srv::AssTwoInts>::SharedFuture
[1.323s]       |                      [01;31m[K^~~~~~~~~~~~~~~~~~[m[K
[1.324s]       |                      [32m[Krcl_interfaces[m[K
[1.324s] [01m[K/home/QiangLi/learn/d2lros2/chapt3/chapt3_ws/src/example_service_rclcpp/src/service_client_01.cpp:43:57:[m[K [01;31m[Kerror: [m[Ktemplate argument 1 is invalid
[1.324s]    43 | Client<example_interfaces::srv::AssTwoInts[01;31m[K>[m[K::SharedFuture
[1.324s]       |                                           [01;31m[K^[m[K
[1.324s] 
[1.325s] [01m[K/home/QiangLi/learn/d2lros2/chapt3/chapt3_ws/src/example_service_rclcpp/src/service_client_01.cpp:43:22:[m[K [01;31m[Kerror: [m[Kâ€˜[01m[Kexample_interfaces[m[Kâ€™ was not declared in this scope; did you mean â€˜[01m[Krcl_interfaces[m[Kâ€™?
[1.326s]    43 |       rclcpp::Client<[01;31m[Kexample_interfaces[m[K::srv::AssTwoInts>::SharedFuture
[1.326s]       |                      [01;31m[K^~~~~~~~~~~~~~~~~~[m[K
[1.326s]       |                      [32m[Krcl_interfaces[m[K
[1.326s] [01m[K/home/QiangLi/learn/d2lros2/chapt3/chapt3_ws/src/example_service_rclcpp/src/service_client_01.cpp:43:57:[m[K [01;31m[Kerror: [m[Ktemplate argument 1 is invalid
[1.327s]    43 | Client<example_interfaces::srv::AssTwoInts[01;31m[K>[m[K::SharedFuture
[1.327s]       |                                           [01;31m[K^[m[K
[1.327s] 
[1.327s] [01m[K/home/QiangLi/learn/d2lros2/chapt3/chapt3_ws/src/example_service_rclcpp/src/service_client_01.cpp:43:15:[m[K [01;31m[Kerror: [m[Kâ€˜[01m[Krclcpp::Client[m[Kâ€™ is not a type
[1.327s]    43 |       rclcpp::[01;31m[KClient[m[K<example_interfaces::srv::AssTwoInts>::SharedFuture
[1.328s]       |               [01;31m[K^~~~~~[m[K
[1.328s] [01m[K/home/QiangLi/learn/d2lros2/chapt3/chapt3_ws/src/example_service_rclcpp/src/service_client_01.cpp:43:21:[m[K [01;31m[Kerror: [m[Kexpected â€˜[01m[K,[m[Kâ€™ or â€˜[01m[K...[m[Kâ€™ before â€˜[01m[K<[m[Kâ€™ token
[1.328s]    43 |       rclcpp::Client[01;31m[K<[m[Kexample_interfaces::srv::AssTwoInts>::SharedFuture
[1.328s]       |                     [01;31m[K^[m[K
[1.329s] [01m[K/home/QiangLi/learn/d2lros2/chapt3/chapt3_ws/src/example_service_rclcpp/src/service_client_01.cpp:[m[K In constructor â€˜[01m[KServiceClient01::ServiceClient01(std::string)[m[Kâ€™:
[1.329s] [01m[K/home/QiangLi/learn/d2lros2/chapt3/chapt3_ws/src/example_service_rclcpp/src/service_client_01.cpp:9:5:[m[K [01;31m[Kerror: [m[Kâ€˜[01m[Kclient_[m[Kâ€™ was not declared in this scope
[1.329s]     9 |     [01;31m[Kclient_[m[K = this->create_client<example_interfaces::srv::AddTwoInts>(
[1.329s]       |     [01;31m[K^~~~~~~[m[K
[1.330s] [01m[K/home/QiangLi/learn/d2lros2/chapt3/chapt3_ws/src/example_service_rclcpp/src/service_client_01.cpp:9:35:[m[K [01;31m[Kerror: [m[Kâ€˜[01m[Kexample_interfaces[m[Kâ€™ was not declared in this scope; did you mean â€˜[01m[Krcl_interfaces[m[Kâ€™?
[1.330s]     9 |     client_ = this->create_client<[01;31m[Kexample_interfaces[m[K::srv::AddTwoInts>(
[1.331s]       |                                   [01;31m[K^~~~~~~~~~~~~~~~~~[m[K
[1.331s]       |                                   [32m[Krcl_interfaces[m[K
[1.331s] [01m[K/home/QiangLi/learn/d2lros2/chapt3/chapt3_ws/src/example_service_rclcpp/src/service_client_01.cpp:9:21:[m[K [01;31m[Kerror: [m[Kparse error in template argument list
[1.331s]     9 |     client_ = this->[01;31m[Kcreate_client<example_interfaces::srv::AddTwoInts>[m[K(
[1.331s]       |                     [01;31m[K^~~~~~~~~~~~~~~~~~~~~~~~~~~~~~~~~~~~~~~~~~~~~~~~~~[m[K
[1.332s] [01m[K/home/QiangLi/learn/d2lros2/chapt3/chapt3_ws/src/example_service_rclcpp/src/service_client_01.cpp:10:27:[m[K [01;31m[Kerror: [m[Kno matching function for call to â€˜[01m[KServiceClient01::create_client<<expression error> >(const char [17])[m[Kâ€™
[1.332s]    10 |         "add_two_ints_srv"[01;31m[K)[m[K;
[1.332s]       |                           [01;31m[K^[m[K
[1.332s] In file included from [01m[K/opt/ros/foxy/include/rclcpp/executors/single_threaded_executor.hpp:28[m[K,
[1.332s]                  from [01m[K/opt/ros/foxy/include/rclcpp/executors.hpp:22[m[K,
[1.333s]                  from [01m[K/opt/ros/foxy/include/rclcpp/rclcpp.hpp:146[m[K,
[1.333s]                  from [01m[K/home/QiangLi/learn/d2lros2/chapt3/chapt3_ws/src/example_service_rclcpp/src/service_client_01.cpp:1[m[K:
[1.333s] [01m[K/opt/ros/foxy/include/rclcpp/node.hpp:246:3:[m[K [01;36m[Knote: [m[Kcandidate: â€˜[01m[Ktemplate<class ServiceT> typename rclcpp::Client<ServiceT>::SharedPtr rclcpp::Node::create_client(const string&, const rmw_qos_profile_t&, rclcpp::CallbackGroup::SharedPtr)[m[Kâ€™
[1.333s]   246 |   [01;36m[Kcreate_client[m[K(
[1.333s]       |   [01;36m[K^~~~~~~~~~~~~[m[K
[1.334s] [01m[K/opt/ros/foxy/include/rclcpp/node.hpp:246:3:[m[K [01;36m[Knote: [m[K  template argument deduction/substitution failed:
[1.334s] [01m[K/home/QiangLi/learn/d2lros2/chapt3/chapt3_ws/src/example_service_rclcpp/src/service_client_01.cpp:10:27:[m[K [01;31m[Kerror: [m[Ktemplate argument 1 is invalid
[1.334s]    10 |         "add_two_ints_srv"[01;31m[K)[m[K;
[1.334s]       |                           [01;31m[K^[m[K
[1.334s] [01m[K/home/QiangLi/learn/d2lros2/chapt3/chapt3_ws/src/example_service_rclcpp/src/service_client_01.cpp:[m[K In member function â€˜[01m[Kvoid ServiceClient01::send_request(int, int)[m[Kâ€™:
[1.334s] [01m[K/home/QiangLi/learn/d2lros2/chapt3/chapt3_ws/src/example_service_rclcpp/src/service_client_01.cpp:15:13:[m[K [01;31m[Kerror: [m[Kâ€˜[01m[Kclient[m[Kâ€™ was not declared in this scope
[1.335s]    15 |     while (![01;31m[Kclient[m[K->wait_for_service(std::chrono::seconds(1))) {
[1.335s]       |             [01;31m[K^~~~~~[m[K
[1.336s] [01m[K/home/QiangLi/learn/d2lros2/chapt3/chapt3_ws/src/example_service_rclcpp/src/service_client_01.cpp:27:26:[m[K [01;31m[Kerror: [m[Kâ€˜[01m[Kexample_interfaces[m[Kâ€™ was not declared in this scope; did you mean â€˜[01m[Krcl_interfaces[m[Kâ€™?
[1.336s]    27 |         std::make_shared<[01;31m[Kexample_interfaces[m[K::srv::AddTwoInts::Request>();
[1.336s]       |                          [01;31m[K^~~~~~~~~~~~~~~~~~[m[K
[1.336s]       |                          [32m[Krcl_interfaces[m[K
[1.336s] [01m[K/home/QiangLi/learn/d2lros2/chapt3/chapt3_ws/src/example_service_rclcpp/src/service_client_01.cpp:27:14:[m[K [01;31m[Kerror: [m[Kparse error in template argument list
[1.336s]    27 |         std::[01;31m[Kmake_shared<example_interfaces::srv::AddTwoInts::Request>[m[K();
[1.337s]       |              [01;31m[K^~~~~~~~~~~~~~~~~~~~~~~~~~~~~~~~~~~~~~~~~~~~~~~~~~~~~~~~~[m[K
[1.337s] [01m[K/home/QiangLi/learn/d2lros2/chapt3/chapt3_ws/src/example_service_rclcpp/src/service_client_01.cpp:27:72:[m[K [01;31m[Kerror: [m[Kno matching function for call to â€˜[01m[Kmake_shared<<expression error> >()[m[Kâ€™
[1.337s]    27 | _interfaces::srv::AddTwoInts::Request>([01;31m[K)[m[K;
[1.337s]       |                                        [01;31m[K^[m[K
[1.337s] 
[1.337s] In file included from [01m[K/usr/include/c++/9/memory:81[m[K,
[1.338s]                  from [01m[K/opt/ros/foxy/include/rclcpp/rclcpp.hpp:144[m[K,
[1.338s]                  from [01m[K/home/QiangLi/learn/d2lros2/chapt3/chapt3_ws/src/example_service_rclcpp/src/service_client_01.cpp:1[m[K:
[1.338s] [01m[K/usr/include/c++/9/bits/shared_ptr.h:714:5:[m[K [01;36m[Knote: [m[Kcandidate: â€˜[01m[Ktemplate<class _Tp, class ... _Args> std::shared_ptr<_Tp> std::make_shared(_Args&& ...)[m[Kâ€™
[1.338s]   714 |     [01;36m[Kmake_shared[m[K(_Args&&... __args)
[1.338s]       |     [01;36m[K^~~~~~~~~~~[m[K
[1.339s] [01m[K/usr/include/c++/9/bits/shared_ptr.h:714:5:[m[K [01;36m[Knote: [m[K  template argument deduction/substitution failed:
[1.339s] [01m[K/home/QiangLi/learn/d2lros2/chapt3/chapt3_ws/src/example_service_rclcpp/src/service_client_01.cpp:27:72:[m[K [01;31m[Kerror: [m[Ktemplate argument 1 is invalid
[1.339s]    27 | _interfaces::srv::AddTwoInts::Request>([01;31m[K)[m[K;
[1.339s]       |                                        [01;31m[K^[m[K
[1.339s] 
[1.344s] [01m[K/home/QiangLi/learn/d2lros2/chapt3/chapt3_ws/src/example_service_rclcpp/src/service_client_01.cpp:34:5:[m[K [01;31m[Kerror: [m[Kâ€˜[01m[Kclient_[m[Kâ€™ was not declared in this scope
[1.344s]    34 |     [01;31m[Kclient_[m[K->async_send_request(request,
[1.345s]       |     [01;31m[K^~~~~~~[m[K
[1.347s] [01m[K/home/QiangLi/learn/d2lros2/chapt3/chapt3_ws/src/example_service_rclcpp/src/service_client_01.cpp:[m[K In member function â€˜[01m[Kvoid ServiceClient01::result_callback_(int)[m[Kâ€™:
[1.347s] [01m[K/home/QiangLi/learn/d2lros2/chapt3/chapt3_ws/src/example_service_rclcpp/src/service_client_01.cpp:45:21:[m[K [01;31m[Kerror: [m[Kâ€˜[01m[Kresult_feature[m[Kâ€™ was not declared in this scope
[1.347s]    45 |     auto response = [01;31m[Kresult_feature[m[K.get();
[1.348s]       |                     [01;31m[K^~~~~~~~~~~~~~[m[K
[1.682s] make[2]: *** [CMakeFiles/service_client_01.dir/build.make:63ï¼šCMakeFiles/service_client_01.dir/src/service_client_01.cpp.o] é”™è¯¯ 1
[1.683s] make[1]: *** [CMakeFiles/Makefile2:80ï¼šCMakeFiles/service_client_01.dir/all] é”™è¯¯ 2
[1.683s] make: *** [Makefile:141ï¼šall] é”™è¯¯ 2
[1.689s] Invoked command in '/home/QiangLi/learn/d2lros2/chapt3/chapt3_ws/build/example_service_rclcpp' returned '2': CMAKE_PREFIX_PATH=${CMAKE_PREFIX_PATH}:/opt/ros/foxy _=/usr/bin/env /usr/bin/cmake --build /home/QiangLi/learn/d2lros2/chapt3/chapt3_ws/build/example_service_rclcpp -- -j40 -l40
